2022-11-03T08:20:33: 
2022-11-03T08:20:33:    INFO  Server running on [http://0.0.0.0:8000].  
2022-11-03T08:20:33: 
2022-11-03T08:20:33:   Press Ctrl+C to stop the server
2022-11-03T08:20:33: 
2022-11-03T09:01:20: 
2022-11-03T09:01:20:    INFO  Server running on [http://127.0.0.1:8000].  
2022-11-03T09:01:20: 
2022-11-03T09:01:20:   Press Ctrl+C to stop the server
2022-11-03T09:01:20: 
2022-11-03T09:42:57: 
2022-11-03T09:42:57:    INFO  Server running on [http://127.0.0.1:8000].  
2022-11-03T09:42:57: 
2022-11-03T09:42:57:   Press Ctrl+C to stop the server
2022-11-03T09:42:57: 
2022-11-03T09:42:57:  ...................................... ~ 0s
2022-11-03T09:43:19: 
2022-11-03T09:43:19:    INFO  Server running on [http://127.0.0.1:8000].  
2022-11-03T09:43:19: 
2022-11-03T09:43:19:   Press Ctrl+C to stop the server
2022-11-03T09:43:19: 
2022-11-03T09:43:25:   2022-11-03 09:43:24 ................................................... ~ 0s
2022-11-03T09:43:26: 
2022-11-03T09:43:26:    INFO  Server running on [http://127.0.0.1:8000].  
2022-11-03T09:43:26: 
2022-11-03T09:43:26:   Press Ctrl+C to stop the server
2022-11-03T09:43:26: 
2022-11-03T09:43:44: 
2022-11-03T09:43:44:    INFO  Server running on [http://127.0.0.1:8000].  
2022-11-03T09:43:44: 
2022-11-03T09:43:44:   Press Ctrl+C to stop the server
2022-11-03T09:43:44: 
2022-11-03T09:44:12:   2022-11-03 09:44:11 ................................................... ~ 1s
2022-11-03T09:44:13: 
2022-11-03T09:44:13:    INFO  Server running on [http://127.0.0.1:8000].  
2022-11-03T09:44:13: 
2022-11-03T09:44:13:   Press Ctrl+C to stop the server
2022-11-03T09:44:13: 
2022-11-03T09:44:13:   2022-11-03 09:44:13 ................................................... ~ 0s
2022-11-03T09:44:48: 
2022-11-03T09:44:48:    INFO  Server running on [http://127.0.0.1:8000].  
2022-11-03T09:44:48: 
2022-11-03T09:44:48:   Press Ctrl+C to stop the server
2022-11-03T09:44:48: 
2022-11-03T09:45:09:   2022-11-03 09:45:09 ...................................................
2022-11-03T09:45:09:  ~ 0s
2022-11-03T09:45:10: 
2022-11-03T09:45:10:    INFO  Server running on [http://127.0.0.1:8000].  
2022-11-03T09:45:10: 
2022-11-03T09:45:10:   Press Ctrl+C to stop the server
2022-11-03T09:45:10: 
2022-11-03T09:46:20: 
2022-11-03T09:46:20:    INFO  Server running on [http://127.0.0.1:8000].  
2022-11-03T09:46:20: 
2022-11-03T09:46:20:   Press Ctrl+C to stop the server
2022-11-03T09:46:20: 
2022-11-03T09:46:37:   2022-11-03 09:46:36
2022-11-03T09:46:37:  ................................................... ~ 0s
2022-11-03T09:46:38: 
2022-11-03T09:46:38:    INFO  Server running on [http://127.0.0.1:8000].  
2022-11-03T09:46:38: 
2022-11-03T09:46:38:   Press Ctrl+C to stop the server
2022-11-03T09:46:38: 
2022-11-03T09:47:14: 
2022-11-03T09:47:14:    INFO  Server running on [http://127.0.0.1:8000].  
2022-11-03T09:47:14: 
2022-11-03T09:47:14:   Press Ctrl+C to stop the server
2022-11-03T09:47:14: 
2022-11-03T09:47:27: 
2022-11-03T09:47:27:    INFO  Server running on [http://127.0.0.1:8000].  
2022-11-03T09:47:27: 
2022-11-03T09:47:27:   Press Ctrl+C to stop the server
2022-11-03T09:47:27: 
2022-11-03T09:47:40: 
2022-11-03T09:47:40:    INFO  Server running on [http://127.0.0.1:8000].  
2022-11-03T09:47:40: 
2022-11-03T09:47:40:   Press Ctrl+C to stop the server
2022-11-03T09:47:40: 
2022-11-03T09:47:40:   2022-11-03 09:47:40 /favicon.ico ...................................... ~ 0s
2022-11-03T09:47:51: 
2022-11-03T09:47:51:    INFO  Server running on [http://127.0.0.1:8000].  
2022-11-03T09:47:51: 
2022-11-03T09:47:51:   Press Ctrl+C to stop the server
2022-11-03T09:47:51: 
2022-11-03T09:47:57: 
2022-11-03T09:47:57:    INFO  Server running on [http://127.0.0.1:8000].  
2022-11-03T09:47:57: 
2022-11-03T09:47:57:   Press Ctrl+C to stop the server
2022-11-03T09:47:57: 
2022-11-03T09:48:14:   2022-11-03 09:48:13 ................................................... ~ 0s
2022-11-03T09:48:14: 
2022-11-03T09:48:14:    INFO  Server running on [http://127.0.0.1:8000].  
2022-11-03T09:48:14: 
2022-11-03T09:48:14:   Press Ctrl+C to stop the server
2022-11-03T09:48:14: 
2022-11-03T09:48:31:   2022-11-03 09:48:31
2022-11-03T09:48:31:  ................................................... ~ 0s
2022-11-03T09:48:32: 
2022-11-03T09:48:32:    INFO  Server running on [http://127.0.0.1:8000].  
2022-11-03T09:48:32: 
2022-11-03T09:48:32:   Press Ctrl+C to stop the server
2022-11-03T09:48:32: 
2022-11-03T09:48:35:   2022-11-03 09:48:34 ................................................... ~ 1s
2022-11-03T09:48:36: 
2022-11-03T09:48:36:    INFO  Server running on [http://127.0.0.1:8000].  
2022-11-03T09:48:36: 
2022-11-03T09:48:36:   Press Ctrl+C to stop the server
2022-11-03T09:48:36: 
2022-11-03T09:49:13: 
2022-11-03T09:49:13:    INFO  Server running on [http://127.0.0.1:8000].  
2022-11-03T09:49:13: 
2022-11-03T09:49:13:   Press Ctrl+C to stop the server
2022-11-03T09:49:13: 
2022-11-03T09:49:33: 
2022-11-03T09:49:33:    INFO  Server running on [http://127.0.0.1:8000].  
2022-11-03T09:49:33: 
2022-11-03T09:49:33:   Press Ctrl+C to stop the server
2022-11-03T09:49:33: 
2022-11-03T09:51:39: 
2022-11-03T09:51:39:    INFO  Server running on [http://127.0.0.1:8000].  
2022-11-03T09:51:39: 
2022-11-03T09:51:39:   Press Ctrl+C to stop the server
2022-11-03T09:51:39: 
2022-11-03T09:54:50: 
2022-11-03T09:54:50:    INFO  Server running on [http://127.0.0.1:8000].  
2022-11-03T09:54:50: 
2022-11-03T09:54:50:   Press Ctrl+C to stop the server
2022-11-03T09:54:50: 
2022-11-03T09:55:12: 
2022-11-03T09:55:12:    INFO  Environment modified. Restarting server...  
2022-11-03T09:55:12: 
2022-11-03T09:55:13:    INFO  Server running on [http://127.0.0.1:8000].  
2022-11-03T09:55:13: 
2022-11-03T09:55:13:   Press Ctrl+C to stop the server
2022-11-03T09:55:13: 
2022-11-03T09:55:19:   2022-11-03 09:55:19 ...................................................
2022-11-03T09:55:19:  ~ 0s
2022-11-03T09:55:32:   2022-11-03 09:55:32 ................................................... ~ 0s
2022-11-03T09:55:34:   2022-11-03 09:55:33 ................................................... ~ 1s
2022-11-03T09:56:17:   2022-11-03 09:56:17 ................................................... ~ 0s
2022-11-03T09:56:26:   2022-11-03 09:56:26 ................................................... ~ 0s
2022-11-03T09:56:35:   2022-11-03 09:56:34 ................................................... ~ 0s
2022-11-03T09:56:35:   2022-11-03 09:56:35 ................................................... ~ 0s
2022-11-03T09:57:50:   2022-11-03 09:57:50 ................................................... ~ 0s
2022-11-03T09:58:34:   2022-11-03 09:58:34 ................................................... ~ 0s
2022-11-03T09:58:40:   2022-11-03 09:58:39 ................................................... ~ 0s
2022-11-03T09:58:41:   2022-11-03 09:58:41 ................................................... ~ 0s
2022-11-03T09:59:12:   2022-11-03 09:59:12 ................................................... ~ 0s
2022-11-03T09:59:19:   2022-11-03 09:59:19 ................................................... ~ 0s
2022-11-03T09:59:20:   2022-11-03 09:59:20 ................................................... ~ 0s
2022-11-03T10:00:30:   2022-11-03 10:00:29 ................................................... ~ 0s
2022-11-03T10:09:56:   2022-11-03 10:09:56 ................................................... ~ 0s
2022-11-03T10:10:11:   2022-11-03 10:10:10 /favicon.ico ...................................... ~ 0s
2022-11-03T10:12:33:   2022-11-03 10:12:33 ................................................... ~ 0s
2022-11-03T10:15:42:   2022-11-03 10:15:42 ................................................... ~ 0s
2022-11-03T10:15:51:   2022-11-03 10:15:51 ................................................... ~ 0s
2022-11-03T10:17:19:   2022-11-03 10:17:19 ................................................... ~ 0s
2022-11-03T10:18:29:   2022-11-03 10:18:28 ................................................... ~ 0s
2022-11-03T10:20:45:   2022-11-03 10:20:45 ................................................... ~ 0s
2022-11-03T10:21:05:   2022-11-03 10:21:05 ................................................... ~ 0s
2022-11-03T10:21:06:   2022-11-03 10:21:06 ................................................... ~ 0s
2022-11-03T10:21:08:   2022-11-03 10:21:07 ................................................... ~ 0s
2022-11-03T10:24:58:   2022-11-03 10:24:58 ................................................... ~ 0s
2022-11-03T10:25:11:   2022-11-03 10:25:11 ................................................... ~ 0s
2022-11-03T10:26:08:   2022-11-03 10:26:08 /robots.txt ....................................... ~ 0s
2022-11-03T10:26:08:   2022-11-03 10:26:08 ................................................... ~ 0s
2022-11-03T10:26:23:   2022-11-03 10:26:23 ................................................... ~ 0s
2022-11-03T10:32:34: 
2022-11-03T10:32:34:    INFO  Environment modified. Restarting server...  
2022-11-03T10:32:34: 
2022-11-03T10:32:34:    INFO  Server running on [http://127.0.0.1:8000].  
2022-11-03T10:32:34: 
2022-11-03T10:32:34:   Press Ctrl+C to stop the server
2022-11-03T10:32:34: 
2022-11-03T10:32:57: 
2022-11-03T10:32:57:    INFO  Environment modified. Restarting server...  
2022-11-03T10:32:57: 
2022-11-03T10:32:57:    INFO  Server running on [http://127.0.0.1:8000].  
2022-11-03T10:32:57: 
2022-11-03T10:32:57:   Press Ctrl+C to stop the server
2022-11-03T10:32:57: 
2022-11-03T10:33:22:   2022-11-03 10:33:21 ................................................... ~ 0s
2022-11-03T10:33:43:   2022-11-03 10:33:43 ................................................... ~ 0s
2022-11-03T10:35:08:   2022-11-03 10:35:08 ................................................... ~ 0s
2022-11-03T10:36:25:   2022-11-03 10:36:24 ................................................... ~ 0s
2022-11-03T10:36:55:   2022-11-03 10:36:55 ................................................... ~ 0s
2022-11-03T10:36:56:   2022-11-03 10:36:56 ................................................... ~ 0s
2022-11-03T10:37:07:   2022-11-03 10:37:06 ................................................... ~ 0s
2022-11-03T10:38:33: 
2022-11-03T10:38:33:    INFO  Environment modified. Restarting server...  
2022-11-03T10:38:33: 
2022-11-03T10:38:34:    INFO  Server running on [http://127.0.0.1:8000].  
2022-11-03T10:38:34: 
2022-11-03T10:38:34:   Press Ctrl+C to stop the server
2022-11-03T10:38:34: 
2022-11-03T10:39:15: 
2022-11-03T10:39:15:    INFO  Environment modified. Restarting server...  
2022-11-03T10:39:15: 
2022-11-03T10:39:16:    INFO  Server running on [http://127.0.0.1:8000].  
2022-11-03T10:39:16: 
2022-11-03T10:39:16:   Press Ctrl+C to stop the server
2022-11-03T10:39:16: 
2022-11-03T10:40:45:   2022-11-03 10:40:44 ................................................... ~ 1s
2022-11-03T10:40:53:   2022-11-03 10:40:53 ................................................... ~ 0s
2022-11-03T10:40:54:   2022-11-03 10:40:54 ................................................... ~ 0s
2022-11-03T10:42:41:   2022-11-03 10:42:41 ................................................... ~ 0s
2022-11-03T10:43:10:   2022-11-03 10:43:10 ................................................... ~ 0s
2022-11-03T10:43:26:   2022-11-03 10:43:26 ................................................... ~ 0s
2022-11-03T10:43:37:   2022-11-03 10:43:37 ................................................... ~ 0s
2022-11-03T10:43:47:   2022-11-03 10:43:47 ................................................... ~ 0s
2022-11-03T10:44:01:   2022-11-03 10:44:01 ................................................... ~ 0s
2022-11-03T10:44:11:   2022-11-03 10:44:11 ................................................... ~ 0s
2022-11-03T10:44:11:   2022-11-03 10:44:11 ................................................... ~ 0s
2022-11-03T10:44:12:   2022-11-03 10:44:11 ................................................... ~ 0s
2022-11-03T10:44:45:   2022-11-03 10:44:45 ................................................... ~ 0s
2022-11-03T10:44:47:   2022-11-03 10:44:47 ................................................... ~ 0s
2022-11-03T10:45:12:   2022-11-03 10:45:12 ...................................................
2022-11-03T10:45:12:  ~ 0s
2022-11-03T10:49:47:   2022-11-03 10:49:47 ................................................... ~ 0s
2022-11-03T10:49:48:   2022-11-03 10:49:48 ................................................... ~ 0s
2022-11-03T10:49:54:   2022-11-03 10:49:53 ................................................... ~ 0s
2022-11-03T10:59:54:   2022-11-03 10:59:54 ................................................... ~ 0s
2022-11-03T11:21:55:   2022-11-03 11:21:54 ................................................... ~ 0s
2022-11-03T11:33:05:   2022-11-03 11:33:05 ................................................... ~ 0s
2022-11-03T11:39:36:   2022-11-03 11:39:36 ................................................... ~ 0s
2022-11-03T11:56:06:   2022-11-03 11:56:05 ................................................... ~ 0s
2022-11-03T13:26:16:   2022-11-03 13:26:16 ................................................... ~ 0s
2022-11-03T13:26:16:   2022-11-03 13:26:16 ................................................... ~ 0s
2022-11-03T13:52:33:   2022-11-03 13:52:33 ................................................... ~ 0s
2022-11-03T14:03:00:   2022-11-03 14:03:00 ................................................... ~ 0s
2022-11-03T14:03:06:   2022-11-03 14:03:05 ................................................... ~ 0s
2022-11-03T14:23:23:   2022-11-03 14:23:23 ................................................... ~ 0s
2022-11-03T14:27:05:   2022-11-03 14:27:05 ................................................... ~ 0s
2022-11-03T14:27:09:   2022-11-03 14:27:09 ................................................... ~ 0s
2022-11-03T14:35:40:   2022-11-03 14:35:39 ................................................... ~ 0s
2022-11-03T14:39:18:   2022-11-03 14:39:17 ................................................... ~ 0s
2022-11-03T15:16:02:   2022-11-03 15:16:02 ................................................... ~ 0s
2022-11-03T15:16:59:   2022-11-03 15:16:59 ................................................... ~ 0s
2022-11-03T15:24:50:   2022-11-03 15:24:50 ................................................... ~ 0s
2022-11-03T15:25:52:   2022-11-03 15:25:51 ................................................... ~ 0s
2022-11-03T15:26:11:   2022-11-03 15:26:10 ................................................... ~ 0s
2022-11-03T15:26:29:   2022-11-03 15:26:28 ................................................... ~ 0s
2022-11-03T15:26:38:   2022-11-03 15:26:38 ................................................... ~ 0s
2022-11-03T15:27:51:   2022-11-03 15:27:51 ................................................... ~ 0s
2022-11-03T15:28:02:   2022-11-03 15:28:01 ................................................... ~ 0s
2022-11-03T15:29:37:   2022-11-03 15:29:37 ................................................... ~ 0s
2022-11-03T15:29:47:   2022-11-03 15:29:46 ................................................... ~ 0s
2022-11-03T15:39:38:   2022-11-03 15:39:38 ................................................... ~ 0s
2022-11-03T15:39:39:   2022-11-03 15:39:39 ................................................... ~ 0s
2022-11-03T15:40:54:   2022-11-03 15:40:54 ...................................................
2022-11-03T15:40:54:  ~ 0s
2022-11-03T15:40:57:   2022-11-03 15:40:56 /favicon.ico ...................................... ~ 0s
2022-11-03T15:41:10:   2022-11-03 15:41:10 ................................................... ~ 0s
2022-11-03T15:45:38:   2022-11-03 15:45:38 ................................................... ~ 0s
2022-11-03T15:45:41:   2022-11-03 15:45:41 ................................................... ~ 0s
2022-11-03T15:46:09:   2022-11-03 15:46:08 ................................................... ~ 0s
2022-11-03T15:46:15:   2022-11-03 15:46:15 ................................................... ~ 0s
2022-11-03T15:46:29:   2022-11-03 15:46:29 ................................................... ~ 0s
2022-11-03T15:46:40:   2022-11-03 15:46:40 ................................................... ~ 0s
2022-11-03T15:49:40:   2022-11-03 15:49:40 ................................................... ~ 0s
2022-11-03T15:49:41:   2022-11-03 15:49:41 ................................................... ~ 0s
2022-11-03T15:49:44:   2022-11-03 15:49:44 ................................................... ~ 0s
2022-11-03T15:49:45:   2022-11-03 15:49:45 ................................................... ~ 0s
2022-11-03T15:49:53:   2022-11-03 15:49:53 ................................................... ~ 0s
2022-11-03T15:49:55:   2022-11-03 15:49:54 ................................................... ~ 1s
2022-11-03T15:50:09:   2022-11-03 15:50:09 ................................................... ~ 0s
2022-11-03T15:50:12:   2022-11-03 15:50:11 ................................................... ~ 0s
2022-11-03T15:50:17:   2022-11-03 15:50:17 ................................................... ~ 0s
2022-11-03T15:50:21:   2022-11-03 15:50:21 ................................................... ~ 0s
2022-11-03T15:50:25:   2022-11-03 15:50:25 ................................................... ~ 0s
2022-11-03T15:50:38:   2022-11-03 15:50:38 ................................................... ~ 0s
2022-11-03T15:50:45:   2022-11-03 15:50:45 ................................................... ~ 0s
2022-11-03T15:50:54:   2022-11-03 15:50:54
2022-11-03T15:50:54:  ................................................... ~ 0s
2022-11-03T15:51:35:   2022-11-03 15:51:34 ................................................... ~ 1s
2022-11-03T15:51:36:   2022-11-03 15:51:36 ................................................... ~ 0s
2022-11-03T15:51:40:   2022-11-03 15:51:39 ................................................... ~ 0s
2022-11-03T15:51:53:   2022-11-03 15:51:52 ................................................... ~ 1s
2022-11-03T15:51:54:   2022-11-03 15:51:54 ................................................... ~ 0s
2022-11-03T15:52:04:   2022-11-03 15:52:04 ................................................... ~ 0s
2022-11-03T15:52:08:   2022-11-03 15:52:08 ................................................... ~ 0s
2022-11-03T15:52:09:   2022-11-03 15:52:09 ................................................... ~ 0s
2022-11-03T15:52:17:   2022-11-03 15:52:17 ................................................... ~ 0s
2022-11-03T15:52:20:   2022-11-03 15:52:19 ................................................... ~ 0s
2022-11-03T15:56:34:   2022-11-03 15:56:33 ................................................... ~ 0s
2022-11-03T15:56:36:   2022-11-03 15:56:35 ................................................... ~ 0s
2022-11-03T15:56:42:   2022-11-03 15:56:41 ................................................... ~ 0s
2022-11-03T15:56:50:   2022-11-03 15:56:49 ................................................... ~ 0s
2022-11-03T15:56:56:   2022-11-03 15:56:55 ................................................... ~ 0s
2022-11-03T16:30:14:   2022-11-03 16:30:13 ................................................... ~ 0s
2022-11-03T16:46:11:   2022-11-03 16:46:10
2022-11-03T16:46:11:  ................................................... ~ 0s
2022-11-03T17:52:08:   2022-11-03 17:52:07
2022-11-03T17:52:08:  ...................................................
2022-11-03T17:52:08:  ~ 0s
2022-11-03T17:52:09:   2022-11-03 17:52:08 ................................................... ~ 0s
2022-11-03T17:52:09:   2022-11-03 17:52:09 /favicon.ico ...................................... ~ 0s
2022-11-03T17:52:10:   2022-11-03 17:52:10 /favicon.ico ...................................... ~ 0s
2022-11-03T18:55:35:   2022-11-03 18:55:35 ................................................... ~ 0s
2022-11-03T18:55:53:   2022-11-03 18:55:53 ................................................... ~ 0s
2022-11-03T18:56:05:   2022-11-03 18:56:04 ................................................... ~ 0s
2022-11-03T18:56:16:   2022-11-03 18:56:16 ................................................... ~ 0s
2022-11-03T18:56:18:   2022-11-03 18:56:17 ................................................... ~ 0s
2022-11-03T18:56:45:   2022-11-03 18:56:44
2022-11-03T18:56:45:  ................................................... ~ 1s
2022-11-03T18:56:46:   2022-11-03 18:56:46 ................................................... ~ 0s
2022-11-03T19:23:24:   2022-11-03 19:23:23 ................................................... ~ 1s
2022-11-03T19:30:48:   2022-11-03 19:30:47 ................................................... ~ 0s
2022-11-03T19:32:08:   2022-11-03 19:32:08 ................................................... ~ 0s
2022-11-03T19:34:17:   2022-11-03 19:34:17 ................................................... ~ 0s
2022-11-03T19:34:25:   2022-11-03 19:34:24 ................................................... ~ 0s
2022-11-03T19:34:34:   2022-11-03 19:34:34 ................................................... ~ 0s
2022-11-03T19:38:20:   2022-11-03 19:38:20 ................................................... ~ 0s
2022-11-03T19:38:21:   2022-11-03 19:38:21 /favicon.ico ...................................... ~ 0s
2022-11-03T19:38:24:   2022-11-03 19:38:23 ................................................... ~ 0s
2022-11-03T19:40:38:   2022-11-03 19:40:38 ................................................... ~ 0s
2022-11-03T19:40:40:   2022-11-03 19:40:40 /favicon.ico ...................................... ~ 0s
2022-11-03T19:44:27:   2022-11-03 19:44:27 ................................................... ~ 0s
2022-11-03T19:44:30:   2022-11-03 19:44:30 /favicon.ico ...................................... ~ 0s
2022-11-03T19:46:29:   2022-11-03 19:46:29 ................................................... ~ 0s
2022-11-03T19:46:44:   2022-11-03 19:46:43 ................................................... ~ 0s
2022-11-03T19:47:44:   2022-11-03 19:47:44 ................................................... ~ 0s
2022-11-03T19:47:56:   2022-11-03 19:47:55 ................................................... ~ 0s
2022-11-03T19:48:34:   2022-11-03 19:48:34 ................................................... ~ 0s
2022-11-03T19:49:30:   2022-11-03 19:49:30 ................................................... ~ 0s
2022-11-03T19:49:32:   2022-11-03 19:49:32 ................................................... ~ 0s
2022-11-03T19:49:40:   2022-11-03 19:49:39 ................................................... ~ 0s
2022-11-03T19:49:40:   2022-11-03 19:49:40 ................................................... ~ 0s
2022-11-03T19:49:49:   2022-11-03 19:49:48 ................................................... ~ 0s
2022-11-03T20:01:39:   2022-11-03 20:01:39
2022-11-03T20:01:39:  ................................................... ~ 0s
2022-11-03T21:00:05:   2022-11-03 21:00:05 ................................................... ~ 0s
2022-11-03T21:09:37:   2022-11-03 21:09:36 ................................................... ~ 0s
2022-11-03T21:25:51:   2022-11-03 21:25:50 ................................................... ~ 0s
2022-11-03T21:25:52:   2022-11-03 21:25:51 ................................................... ~ 0s
2022-11-04T01:02:48:   2022-11-04 01:02:48 ................................................... ~ 0s
2022-11-04T01:05:00:   2022-11-04 01:05:00 ................................................... ~ 0s
2022-11-04T01:05:00:   2022-11-04 01:05:00 ................................................... ~ 0s
2022-11-04T01:05:00:   2022-11-04 01:05:00 ................................................... ~ 0s
2022-11-04T01:13:55:   2022-11-04 01:13:55 ................................................... ~ 0s
2022-11-04T01:31:55:   2022-11-04 01:31:55 ................................................... ~ 0s
2022-11-04T03:02:47:   2022-11-04 03:02:47 ................................................... ~ 0s
2022-11-04T03:02:47:   2022-11-04 03:02:47 ................................................... ~ 0s
2022-11-04T03:02:48:   2022-11-04 03:02:47 ................................................... ~ 0s
2022-11-04T03:02:48:   2022-11-04 03:02:47 ................................................... ~ 0s
2022-11-04T03:02:48:   2022-11-04 03:02:47 /favicon.ico ...................................... ~ 0s
2022-11-04T03:02:48:   2022-11-04 03:02:48
2022-11-04T03:02:48:  /favicon.ico ...................................... ~ 0s
2022-11-04T03:02:48:   2022-11-04 03:02:48 /favicon.ico ...................................... ~ 0s
2022-11-04T03:04:33:   2022-11-04 03:04:32 ................................................... ~ 0s
2022-11-04T03:10:06:   2022-11-04 03:10:06 ................................................... ~ 0s
2022-11-04T03:14:22:   2022-11-04 03:14:22 ................................................... ~ 0s
2022-11-04T03:31:58:   2022-11-04 03:31:58 ................................................... ~ 0s
2022-11-04T04:23:07:   2022-11-04 04:23:07 ................................................... ~ 0s
2022-11-04T04:27:32:   2022-11-04 04:27:32 ................................................... ~ 0s
2022-11-04T04:27:33:   2022-11-04 04:27:33 /favicon.ico ...................................... ~ 0s
2022-11-04T04:27:38:   2022-11-04 04:27:37 ................................................... ~ 0s
2022-11-04T04:34:46:   2022-11-04 04:34:46 ................................................... ~ 0s
2022-11-04T04:58:54:   2022-11-04 04:58:54 ................................................... ~ 0s
2022-11-04T05:05:09:   2022-11-04 05:05:09 ................................................... ~ 0s
2022-11-04T06:32:43:   2022-11-04 06:32:43 ................................................... ~ 0s
2022-11-04T06:36:41:   2022-11-04 06:36:40 ................................................... ~ 1s
2022-11-04T06:51:36:   2022-11-04 06:51:35 ................................................... ~ 0s
2022-11-04T06:53:04:   2022-11-04 06:53:03 ................................................... ~ 0s
2022-11-04T07:25:21:   2022-11-04 07:25:20 ................................................... ~ 0s
2022-11-04T07:30:38:   2022-11-04 07:30:37 ................................................... ~ 1s
2022-11-04T07:31:32:   2022-11-04 07:31:32 ................................................... ~ 0s
2022-11-04T07:34:17:   2022-11-04 07:34:17 ................................................... ~ 0s
2022-11-04T07:34:18:   2022-11-04 07:34:17 ................................................... ~ 1s
2022-11-04T07:34:23:   2022-11-04 07:34:23 ................................................... ~ 0s
2022-11-04T07:36:57:   2022-11-04 07:36:57 ................................................... ~ 0s
2022-11-04T08:10:19:   2022-11-04 08:10:18 ................................................... ~ 0s
2022-11-04T08:26:13:   2022-11-04 08:26:13 ................................................... ~ 0s
2022-11-04T08:59:01:   2022-11-04 08:59:01 ................................................... ~ 0s
2022-11-04T09:05:37:   2022-11-04 09:05:37 ................................................... ~ 0s
2022-11-04T09:11:04:   2022-11-04 09:11:03 ................................................... ~ 0s
2022-11-04T09:44:29:   2022-11-04 09:44:29 ................................................... ~ 0s
2022-11-04T10:26:21:   2022-11-04 10:26:20 ................................................... ~ 0s
2022-11-04T10:28:41:   2022-11-04 10:28:41 ................................................... ~ 0s
2022-11-04T10:28:59:   2022-11-04 10:28:59 ................................................... ~ 0s
2022-11-04T10:52:28:   2022-11-04 10:52:27 ................................................... ~ 0s
2022-11-04T11:04:04:   2022-11-04 11:04:04 /favicon.ico ...................................... ~ 0s
2022-11-04T11:10:47:   2022-11-04 11:10:47 ................................................... ~ 0s
2022-11-04T11:11:15:   2022-11-04 11:11:14 ................................................... ~ 1s
2022-11-04T11:22:01:   2022-11-04 11:22:01 ................................................... ~ 0s
2022-11-04T11:50:12:   2022-11-04 11:50:12 ................................................... ~ 0s
2022-11-04T11:50:13:   2022-11-04 11:50:13 ................................................... ~ 0s
2022-11-04T11:50:14:   2022-11-04 11:50:14 /favicon.ico ...................................... ~ 0s
2022-11-04T11:51:24:   2022-11-04 11:51:23 ................................................... ~ 0s
2022-11-04T12:16:14:   2022-11-04 12:16:13
2022-11-04T12:16:14:  ................................................... ~ 0s
2022-11-04T12:16:14:   2022-11-04 12:16:13 /robots.txt ....................................... ~ 0s
2022-11-04T12:16:14:   2022-11-04 12:16:13 ................................................... ~ 0s
2022-11-04T12:16:14:   2022-11-04 12:16:13 /robots.txt ....................................... ~ 0s
2022-11-04T12:16:14:   2022-11-04 12:16:14 ................................................... ~ 0s
2022-11-04T12:45:34:   2022-11-04 12:45:33 ................................................... ~ 0s
2022-11-04T13:11:28:   2022-11-04 13:11:28 ................................................... ~ 0s
2022-11-04T15:26:09:   2022-11-04 15:26:09 ................................................... ~ 0s
2022-11-04T15:38:15:   2022-11-04 15:38:14 ................................................... ~ 0s
2022-11-04T15:38:16:   2022-11-04 15:38:16 /favicon.ico ...................................... ~ 0s
2022-11-04T16:00:40:   2022-11-04 16:00:40 ................................................... ~ 0s
2022-11-04T16:35:40:   2022-11-04 16:35:40 ................................................... ~ 0s
2022-11-04T16:43:39:   2022-11-04 16:43:39 ................................................... ~ 0s
2022-11-04T17:46:34:   2022-11-04 17:46:34 ................................................... ~ 0s
2022-11-04T17:46:34:   2022-11-04 17:46:34 ................................................... ~ 0s
2022-11-04T17:46:36:   2022-11-04 17:46:35 ................................................... ~ 0s
2022-11-04T18:47:08:   2022-11-04 18:47:08 ................................................... ~ 0s
2022-11-04T18:54:39:   2022-11-04 18:54:39 ................................................... ~ 0s
2022-11-04T19:06:50:   2022-11-04 19:06:50 ................................................... ~ 0s
2022-11-04T19:06:50:   2022-11-04 19:06:50 ................................................... ~ 0s
2022-11-04T19:06:50:  ~ 0s
2022-11-04T19:08:54:   2022-11-04 19:08:53 ................................................... ~ 0s
2022-11-04T21:11:41:   2022-11-04 21:11:41 ................................................... ~ 0s
2022-11-04T21:36:11:   2022-11-04 21:36:11 /robots.txt ....................................... ~ 0s
2022-11-04T21:36:13:   2022-11-04 21:36:13 ................................................... ~ 0s
2022-11-04T22:05:57:   2022-11-04 22:05:57 ................................................... ~ 0s
2022-11-04T22:05:58:   2022-11-04 22:05:57 ................................................... ~ 0s
2022-11-04T22:15:39:   2022-11-04 22:15:39 ................................................... ~ 0s
2022-11-04T22:39:41:   2022-11-04 22:39:41 ................................................... ~ 0s
2022-11-05T01:02:59:   2022-11-05 01:02:59 ................................................... ~ 0s
2022-11-05T01:07:06:   2022-11-05 01:07:06 ................................................... ~ 0s
2022-11-05T01:07:11:   2022-11-05 01:07:11 ................................................... ~ 0s
2022-11-05T01:07:11:   2022-11-05 01:07:11
2022-11-05T01:07:11:  ................................................... ~ 0s
2022-11-05T01:07:11:   2022-11-05 01:07:11 ................................................... ~ 0s
2022-11-05T01:07:11:   2022-11-05 01:07:11 ................................................... ~ 0s
2022-11-05T01:07:11:   2022-11-05 01:07:11 ................................................... ~ 0s
2022-11-05T01:07:11:   2022-11-05 01:07:11 ................................................... ~ 0s
2022-11-05T01:07:11:   2022-11-05 01:07:11 ................................................... ~ 0s
2022-11-05T01:07:11:  ...................................................
2022-11-05T01:07:11:  ~ 0s
2022-11-05T01:07:11:   2022-11-05 01:07:11
2022-11-05T01:07:11:  ...................................................
2022-11-05T01:07:11:  ~ 0s
2022-11-05T01:07:11:   2022-11-05 01:07:11
2022-11-05T01:07:11:  ...................................................
2022-11-05T01:07:11:  ~ 0s
2022-11-05T01:07:11:   2022-11-05 01:07:11
2022-11-05T01:07:11:  ...................................................
2022-11-05T01:07:11:  ~ 0s
2022-11-05T01:07:11:   2022-11-05 01:07:11
2022-11-05T01:07:11:  ...................................................
2022-11-05T01:07:11:  ~ 0s
2022-11-05T01:07:12:   2022-11-05 01:07:12 ................................................... ~ 0s
2022-11-05T01:07:12:   2022-11-05 01:07:12 ................................................... ~ 0s
2022-11-05T01:07:12:   2022-11-05 01:07:12 ................................................... ~ 0s
2022-11-05T01:07:12:   2022-11-05 01:07:12 ................................................... ~ 0s
2022-11-05T01:07:12:   2022-11-05 01:07:12 ................................................... ~ 0s
2022-11-05T01:13:37:   2022-11-05 01:13:37 ................................................... ~ 0s
2022-11-05T01:37:45:   2022-11-05 01:37:45 ................................................... ~ 0s
2022-11-05T02:29:15:   2022-11-05 02:29:15 ................................................... ~ 0s
2022-11-05T03:05:35:   2022-11-05 03:05:35 ................................................... ~ 0s
2022-11-05T03:12:46:   2022-11-05 03:12:46 ................................................... ~ 0s
2022-11-05T03:12:47:   2022-11-05 03:12:47 ................................................... ~ 0s
2022-11-05T03:14:30:   2022-11-05 03:14:30 ................................................... ~ 0s
2022-11-05T03:31:58:   2022-11-05 03:31:57 ................................................... ~ 0s
2022-11-05T03:36:02:   2022-11-05 03:36:02 ................................................... ~ 0s
2022-11-05T03:44:07:   2022-11-05 03:44:06 ................................................... ~ 0s
2022-11-05T03:55:21:   2022-11-05 03:55:20 ................................................... ~ 0s
2022-11-05T03:55:22:   2022-11-05 03:55:21 ................................................... ~ 0s
2022-11-05T04:32:46:   2022-11-05 04:32:45 ................................................... ~ 0s
2022-11-05T04:32:46:   2022-11-05 04:32:46 ................................................... ~ 0s
2022-11-05T04:32:47:   2022-11-05 04:32:47 ................................................... ~ 0s
2022-11-05T04:49:43:   2022-11-05 04:49:43 ................................................... ~ 0s
2022-11-05T04:58:29:   2022-11-05 04:58:29 ................................................... ~ 0s
2022-11-05T05:19:58:   2022-11-05 05:19:58 ................................................... ~ 0s
2022-11-05T07:48:53:   2022-11-05 07:48:53 ................................................... ~ 0s
2022-11-05T07:49:01:   2022-11-05 07:49:01 ................................................... ~ 0s
2022-11-05T07:56:51:   2022-11-05 07:56:51 ................................................... ~ 0s
2022-11-05T07:57:44:   2022-11-05 07:57:44 ................................................... ~ 0s
2022-11-05T08:19:44:   2022-11-05 08:19:44 ................................................... ~ 0s
2022-11-05T08:20:29:   2022-11-05 08:20:29 ................................................... ~ 0s
2022-11-05T08:26:13:   2022-11-05 08:26:13
2022-11-05T08:26:13:  ................................................... ~ 0s
2022-11-05T08:46:25:   2022-11-05 08:46:24 ................................................... ~ 0s
2022-11-05T08:59:01:   2022-11-05 08:59:01 ................................................... ~ 0s
2022-11-05T09:07:17:   2022-11-05 09:07:17 ................................................... ~ 0s
2022-11-05T09:54:50:   2022-11-05 09:54:49 ................................................... ~ 0s
2022-11-05T10:34:01:   2022-11-05 10:34:00 ................................................... ~ 0s
2022-11-05T10:34:01:   2022-11-05 10:34:01 ................................................... ~ 0s
2022-11-05T10:34:03:   2022-11-05 10:34:03 /favicon.ico ...................................... ~ 0s
2022-11-05T11:03:55:   2022-11-05 11:03:55 ................................................... ~ 0s
2022-11-05T11:29:05:   2022-11-05 11:29:05 ................................................... ~ 0s
2022-11-05T11:29:08:   2022-11-05 11:29:08 ................................................... ~ 0s
2022-11-05T11:39:18:   2022-11-05 11:39:17 ................................................... ~ 0s
2022-11-05T11:39:18:   2022-11-05 11:39:18
2022-11-05T11:39:18:  /favicon.ico ...................................... ~ 0s
2022-11-05T12:15:13:   2022-11-05 12:15:13 ................................................... ~ 0s
2022-11-05T13:06:36:   2022-11-05 13:06:35 ................................................... ~ 0s
2022-11-05T13:46:32:   2022-11-05 13:46:32 ................................................... ~ 0s
2022-11-05T13:46:33:   2022-11-05 13:46:32 ................................................... ~ 0s
2022-11-05T13:46:33:   2022-11-05 13:46:32 /favicon.ico ...................................... ~ 0s
2022-11-05T13:46:33:   2022-11-05 13:46:33 /favicon.ico ...................................... ~ 0s
2022-11-05T13:46:34:   2022-11-05 13:46:34 ................................................... ~ 0s
2022-11-05T13:46:35:   2022-11-05 13:46:35 /robots.txt ....................................... ~ 0s
2022-11-05T13:46:35:   2022-11-05 13:46:35
2022-11-05T13:46:35:  /robots.txt ....................................... ~ 0s
2022-11-05T13:46:36:   2022-11-05 13:46:36 ................................................... ~ 0s
2022-11-05T13:46:40:   2022-11-05 13:46:40 ................................................... ~ 0s
2022-11-05T13:46:40:   2022-11-05 13:46:40 ................................................... ~ 0s
2022-11-05T13:46:41:   2022-11-05 13:46:40 ................................................... ~ 0s
2022-11-05T13:46:41:   2022-11-05 13:46:41 /robots.txt ....................................... ~ 0s
2022-11-05T13:46:42:   2022-11-05 13:46:41 ................................................... ~ 0s
2022-11-05T13:46:44:   2022-11-05 13:46:44 /favicon.ico ...................................... ~ 0s
2022-11-05T13:46:46:   2022-11-05 13:46:46 /robots.txt ....................................... ~ 0s
2022-11-05T13:46:47:   2022-11-05 13:46:46 ................................................... ~ 0s
2022-11-05T13:46:47:   2022-11-05 13:46:47 ................................................... ~ 0s
2022-11-05T13:46:54:   2022-11-05 13:46:54 ................................................... ~ 0s
2022-11-05T13:46:56:   2022-11-05 13:46:56 ................................................... ~ 0s
2022-11-05T13:46:57:   2022-11-05 13:46:57 ................................................... ~ 0s
2022-11-05T13:46:58:   2022-11-05 13:46:58 ................................................... ~ 0s
2022-11-05T13:46:59:   2022-11-05 13:46:59 ................................................... ~ 0s
2022-11-05T13:46:59:   2022-11-05 13:46:59 ................................................... ~ 0s
2022-11-05T13:46:59:   2022-11-05 13:46:59 ................................................... ~ 0s
2022-11-05T13:47:00:   2022-11-05 13:47:00 ................................................... ~ 0s
2022-11-05T13:47:00:   2022-11-05 13:47:00 ................................................... ~ 0s
2022-11-05T13:47:01:   2022-11-05 13:47:00 ................................................... ~ 0s
2022-11-05T13:47:01:   2022-11-05 13:47:00 ................................................... ~ 0s
2022-11-05T13:47:01:   2022-11-05 13:47:01 ................................................... ~ 0s
2022-11-05T13:47:04:   2022-11-05 13:47:03 ...................................................
2022-11-05T13:47:04:  ~ 0s
2022-11-05T13:47:05:   2022-11-05 13:47:05 ................................................... ~ 0s
2022-11-05T13:47:07:   2022-11-05 13:47:07 ................................................... ~ 0s
2022-11-05T13:47:07:   2022-11-05 13:47:07 ................................................... ~ 0s
2022-11-05T13:47:08:   2022-11-05 13:47:08 ................................................... ~ 0s
2022-11-05T13:47:20:   2022-11-05 13:47:20 ................................................... ~ 0s
2022-11-05T13:47:22:   2022-11-05 13:47:22 ................................................... ~ 0s
2022-11-05T13:53:06:   2022-11-05 13:53:06 ................................................... ~ 0s
2022-11-05T13:53:06:   2022-11-05 13:53:06 ................................................... ~ 0s
2022-11-05T15:00:46:   2022-11-05 15:00:46 ................................................... ~ 0s
2022-11-05T15:52:46:   2022-11-05 15:52:46 ................................................... ~ 0s
2022-11-05T16:08:42:   2022-11-05 16:08:42 /robots.txt ....................................... ~ 0s
2022-11-05T16:08:44:   2022-11-05 16:08:44 ................................................... ~ 0s
2022-11-05T16:24:47:   2022-11-05 16:24:46 ................................................... ~ 0s
2022-11-05T17:57:22:   2022-11-05 17:57:22 ................................................... ~ 0s
2022-11-05T18:12:13:   2022-11-05 18:12:13 ................................................... ~ 0s
2022-11-05T19:09:24:   2022-11-05 19:09:23 ................................................... ~ 0s
2022-11-05T19:58:58:   2022-11-05 19:58:58 ................................................... ~ 0s
2022-11-05T19:59:00:   2022-11-05 19:59:00 /favicon.ico ...................................... ~ 0s
2022-11-05T20:03:07:   2022-11-05 20:03:07 ................................................... ~ 0s
2022-11-05T20:48:10:   2022-11-05 20:48:10 ................................................... ~ 0s
2022-11-05T20:48:13:   2022-11-05 20:48:13 /favicon.ico ...................................... ~ 0s
2022-11-05T21:09:18:   2022-11-05 21:09:17 ................................................... ~ 0s
2022-11-05T21:25:36:   2022-11-05 21:25:36 ................................................... ~ 0s
2022-11-05T21:25:37:   2022-11-05 21:25:36 ................................................... ~ 0s
2022-11-05T22:35:50:   2022-11-05 22:35:50 ................................................... ~ 0s
2022-11-05T22:35:51:   2022-11-05 22:35:51 ................................................... ~ 0s
2022-11-05T23:32:54:   2022-11-05 23:32:54 ................................................... ~ 0s
2022-11-06T00:18:00:   2022-11-06 00:17:59 ................................................... ~ 0s
2022-11-06T00:24:22:   2022-11-06 00:24:22 ................................................... ~ 0s
2022-11-06T00:50:47:   2022-11-06 00:50:47 ................................................... ~ 0s
2022-11-06T00:50:48:   2022-11-06 00:50:47 ................................................... ~ 0s
2022-11-06T00:50:49:   2022-11-06 00:50:49
2022-11-06T00:50:49:  /favicon.ico ...................................... ~ 0s
2022-11-06T01:14:41:   2022-11-06 01:14:41 ................................................... ~ 0s
2022-11-06T01:54:49:   2022-11-06 01:54:48 ................................................... ~ 1s
2022-11-06T02:03:38:   2022-11-06 02:03:38 /favicon.ico ...................................... ~ 0s
2022-11-06T02:08:58:   2022-11-06 02:08:57 ................................................... ~ 0s
2022-11-06T02:27:54:   2022-11-06 02:27:54 ................................................... ~ 0s
2022-11-06T02:27:55:   2022-11-06 02:27:54 ................................................... ~ 0s
2022-11-06T03:02:05:   2022-11-06 03:02:04 ................................................... ~ 0s
2022-11-06T03:10:49:   2022-11-06 03:10:49 ................................................... ~ 0s
2022-11-06T03:39:14:   2022-11-06 03:39:14 ................................................... ~ 0s
2022-11-06T05:07:38:   2022-11-06 05:07:38 ................................................... ~ 0s
2022-11-06T05:14:15:   2022-11-06 05:14:15 ................................................... ~ 0s
2022-11-06T05:14:17:   2022-11-06 05:14:17 ................................................... ~ 0s
2022-11-06T05:14:25:   2022-11-06 05:14:25 ................................................... ~ 0s
2022-11-06T05:40:00:   2022-11-06 05:40:00 ................................................... ~ 0s
2022-11-06T05:40:01:   2022-11-06 05:40:00 ................................................... ~ 0s
2022-11-06T06:33:17:   2022-11-06 06:33:17 ................................................... ~ 0s
2022-11-06T06:44:15:   2022-11-06 06:44:15 /robots.txt ....................................... ~ 0s
2022-11-06T06:44:17:   2022-11-06 06:44:16 ................................................... ~ 0s
2022-11-06T07:10:30:   2022-11-06 07:10:30 ................................................... ~ 0s
2022-11-06T07:28:26:   2022-11-06 07:28:26 ................................................... ~ 0s
2022-11-06T07:28:27:   2022-11-06 07:28:27 ................................................... ~ 0s
2022-11-06T07:52:43:   2022-11-06 07:52:43 ................................................... ~ 0s
2022-11-06T07:52:43:   2022-11-06 07:52:43 /robots.txt ....................................... ~ 0s
2022-11-06T07:52:49:   2022-11-06 07:52:49 ................................................... ~ 0s
2022-11-06T08:26:13:   2022-11-06 08:26:13 ................................................... ~ 0s
2022-11-06T08:26:20:   2022-11-06 08:26:20 ................................................... ~ 0s
2022-11-06T08:59:01:   2022-11-06 08:59:01 ................................................... ~ 0s
2022-11-06T09:15:20:   2022-11-06 09:15:20 ................................................... ~ 0s
2022-11-06T09:43:50:   2022-11-06 09:43:50 ................................................... ~ 0s
2022-11-06T09:43:52:   2022-11-06 09:43:52 /favicon.ico ...................................... ~ 0s
2022-11-06T10:05:27:   2022-11-06 10:05:27 ................................................... ~ 0s
2022-11-06T10:13:22:   2022-11-06 10:13:22 ................................................... ~ 0s
2022-11-06T10:13:37:   2022-11-06 10:13:37 ................................................... ~ 0s
2022-11-06T10:14:02:   2022-11-06 10:14:01 /favicon.ico ...................................... ~ 0s
2022-11-06T10:14:04:   2022-11-06 10:14:03 ................................................... ~ 0s
2022-11-06T10:42:41:   2022-11-06 10:42:40 ................................................... ~ 0s
2022-11-06T10:50:17:   2022-11-06 10:50:17 ................................................... ~ 0s
2022-11-06T10:50:18:   2022-11-06 10:50:18 /favicon.ico ...................................... ~ 0s
2022-11-06T11:22:30:   2022-11-06 11:22:30 ................................................... ~ 0s
2022-11-06T11:24:27:   2022-11-06 11:24:27 /favicon.ico ...................................... ~ 0s
2022-11-06T12:50:48:   2022-11-06 12:50:48 ................................................... ~ 0s
2022-11-06T13:07:54:   2022-11-06 13:07:53 ................................................... ~ 0s
2022-11-06T13:52:11:   2022-11-06 13:52:11 ................................................... ~ 0s
2022-11-06T14:19:24:   2022-11-06 14:19:24 ................................................... ~ 0s
2022-11-06T14:27:36:   2022-11-06 14:27:35 ................................................... ~ 0s
2022-11-06T14:31:16:   2022-11-06 14:31:16
2022-11-06T14:31:16:  ................................................... ~ 0s
2022-11-06T14:43:38:   2022-11-06 14:43:38 ................................................... ~ 0s
2022-11-06T14:43:39:   2022-11-06 14:43:39 /favicon.ico ...................................... ~ 0s
2022-11-06T16:44:14:   2022-11-06 16:44:14 ................................................... ~ 0s
2022-11-06T17:08:22:   2022-11-06 17:08:22 ................................................... ~ 0s
2022-11-06T17:40:45:   2022-11-06 17:40:44 ................................................... ~ 0s
2022-11-06T17:40:45:   2022-11-06 17:40:45 ................................................... ~ 0s
2022-11-06T17:40:46:   2022-11-06 17:40:45
2022-11-06T17:40:46:  ................................................... ~ 1s
2022-11-06T17:56:54:   2022-11-06 17:56:54 ................................................... ~ 0s
2022-11-06T18:56:17:   2022-11-06 18:56:17 ................................................... ~ 0s
2022-11-06T19:01:55:   2022-11-06 19:01:55 ................................................... ~ 0s
2022-11-06T21:26:25:   2022-11-06 21:26:25 ................................................... ~ 0s
2022-11-06T23:09:25:   2022-11-06 23:09:25 ................................................... ~ 0s
2022-11-06T23:09:26:   2022-11-06 23:09:26 ................................................... ~ 0s
2022-11-06T23:27:20:   2022-11-06 23:27:20 ................................................... ~ 0s
2022-11-06T23:27:21:   2022-11-06 23:27:21 ................................................... ~ 0s
2022-11-06T23:27:22:   2022-11-06 23:27:22 /favicon.ico ...................................... ~ 0s
2022-11-06T23:38:24:   2022-11-06 23:38:24 ................................................... ~ 0s
2022-11-07T01:15:33:   2022-11-07 01:15:33 ................................................... ~ 0s
2022-11-07T02:08:38:   2022-11-07 02:08:37 ................................................... ~ 0s
2022-11-07T02:15:20:   2022-11-07 02:15:20 ................................................... ~ 0s
2022-11-07T02:32:48:   2022-11-07 02:32:48 ................................................... ~ 0s
2022-11-07T02:32:50:   2022-11-07 02:32:50 ...................................................
2022-11-07T02:32:50:  ~ 0s
2022-11-07T02:32:55:   2022-11-07 02:32:55 ................................................... ~ 0s
2022-11-07T02:32:57:   2022-11-07 02:32:57 ................................................... ~ 0s
2022-11-07T02:32:59:   2022-11-07 02:32:59 ................................................... ~ 0s
2022-11-07T02:33:04:   2022-11-07 02:33:04 ................................................... ~ 0s
2022-11-07T03:19:23:   2022-11-07 03:19:23 ................................................... ~ 0s
2022-11-07T03:31:38:   2022-11-07 03:31:37 ................................................... ~ 0s
2022-11-07T03:33:31:   2022-11-07 03:33:30 ................................................... ~ 0s
2022-11-07T05:09:17:   2022-11-07 05:09:17 ................................................... ~ 0s
2022-11-07T05:19:41:   2022-11-07 05:19:41 ................................................... ~ 0s
2022-11-07T05:25:22:   2022-11-07 05:25:22 ................................................... ~ 0s
2022-11-07T06:12:40:   2022-11-07 06:12:40 ................................................... ~ 0s
2022-11-07T06:12:41:   2022-11-07 06:12:40 ................................................... ~ 1s
2022-11-07T07:06:13:   2022-11-07 07:06:13 /robots.txt ....................................... ~ 0s
2022-11-07T07:06:15:   2022-11-07 07:06:15 ................................................... ~ 0s
2022-11-07T08:06:02:   2022-11-07 08:06:01 ................................................... ~ 0s
2022-11-07T08:26:13:   2022-11-07 08:26:13 ................................................... ~ 0s
2022-11-07T08:56:59:   2022-11-07 08:56:59 ................................................... ~ 0s
2022-11-07T08:59:01:   2022-11-07 08:59:01 ................................................... ~ 0s
2022-11-07T09:00:55:   2022-11-07 09:00:55 ................................................... ~ 0s
2022-11-07T09:01:49:   2022-11-07 09:01:49 ................................................... ~ 0s
2022-11-07T09:01:51:   2022-11-07 09:01:51 ................................................... ~ 0s
2022-11-07T09:30:39:   2022-11-07 09:30:39 ................................................... ~ 0s
2022-11-07T09:40:33:   2022-11-07 09:40:33 ................................................... ~ 0s
2022-11-07T10:02:36:   2022-11-07 10:02:36 ................................................... ~ 0s
2022-11-07T10:17:19:   2022-11-07 10:17:19 ................................................... ~ 0s
2022-11-07T10:17:42:   2022-11-07 10:17:42 /favicon.ico ...................................... ~ 0s
2022-11-07T10:30:43:   2022-11-07 10:30:43 ................................................... ~ 0s
2022-11-07T11:26:58:   2022-11-07 11:26:58 ................................................... ~ 0s
2022-11-07T11:35:53:   2022-11-07 11:35:53 /favicon.ico ...................................... ~ 0s
2022-11-07T11:41:31:   2022-11-07 11:41:30 ................................................... ~ 0s
2022-11-07T12:03:24:   2022-11-07 12:03:24 ................................................... ~ 0s
2022-11-07T12:45:34:   2022-11-07 12:45:34 ................................................... ~ 0s
2022-11-07T14:14:49:   2022-11-07 14:14:48 ................................................... ~ 0s
2022-11-07T14:14:49:   2022-11-07 14:14:49 ................................................... ~ 0s
2022-11-07T14:14:51:   2022-11-07 14:14:50 /favicon.ico ...................................... ~ 0s
2022-11-07T14:53:51:   2022-11-07 14:53:51 ................................................... ~ 0s
2022-11-07T15:20:36:   2022-11-07 15:20:35 ................................................... ~ 0s
2022-11-07T15:20:39:   2022-11-07 15:20:39 ................................................... ~ 0s
2022-11-07T15:21:07:   2022-11-07 15:21:06 ................................................... ~ 0s
2022-11-07T15:21:11:   2022-11-07 15:21:10 ................................................... ~ 0s
2022-11-07T15:21:21:   2022-11-07 15:21:20 ................................................... ~ 1s
2022-11-07T15:21:22:   2022-11-07 15:21:22 ................................................... ~ 0s
2022-11-07T15:21:47:   2022-11-07 15:21:47 ................................................... ~ 0s
2022-11-07T15:21:58:   2022-11-07 15:21:57 ................................................... ~ 0s
2022-11-07T16:54:40:   2022-11-07 16:54:40 ................................................... ~ 0s
2022-11-07T17:01:35:   2022-11-07 17:01:35 ................................................... ~ 0s
2022-11-07T18:05:42:   2022-11-07 18:05:42 ................................................... ~ 0s
2022-11-07T18:05:44:   2022-11-07 18:05:44
2022-11-07T18:05:44:  ................................................... ~ 0s
2022-11-07T18:05:45:   2022-11-07 18:05:45 /favicon.ico ...................................... ~ 0s
2022-11-07T18:05:46:   2022-11-07 18:05:46
2022-11-07T18:05:46:  /robots.txt ....................................... ~ 0s
2022-11-07T20:39:48:   2022-11-07 20:39:48 ................................................... ~ 0s
2022-11-07T21:21:36:   2022-11-07 21:21:36 ................................................... ~ 0s
2022-11-07T21:21:37:   2022-11-07 21:21:37 ................................................... ~ 0s
2022-11-07T21:21:45:   2022-11-07 21:21:44 ................................................... ~ 0s
2022-11-07T21:34:05:   2022-11-07 21:34:05 ................................................... ~ 0s
2022-11-07T21:34:07:   2022-11-07 21:34:07 /favicon.ico ...................................... ~ 0s
2022-11-07T21:34:13:   2022-11-07 21:34:13 /favicon.ico ...................................... ~ 0s
2022-11-07T21:34:13:   2022-11-07 21:34:13 ................................................... ~ 0s
2022-11-07T21:34:13:   2022-11-07 21:34:13 /robots.txt ....................................... ~ 0s
2022-11-07T21:34:15:   2022-11-07 21:34:15 /robots.txt ....................................... ~ 0s
2022-11-07T21:34:15:   2022-11-07 21:34:15 ................................................... ~ 0s
2022-11-07T21:34:15:   2022-11-07 21:34:15 ................................................... ~ 0s
2022-11-07T21:34:22:   2022-11-07 21:34:22 /favicon.ico ...................................... ~ 0s
2022-11-07T21:34:26:   2022-11-07 21:34:26 ................................................... ~ 0s
2022-11-07T21:34:27:   2022-11-07 21:34:26 ................................................... ~ 0s
2022-11-07T21:34:28:   2022-11-07 21:34:28 ................................................... ~ 0s
2022-11-07T21:34:30:   2022-11-07 21:34:30 /favicon.ico ...................................... ~ 0s
2022-11-07T21:34:31:   2022-11-07 21:34:31 ................................................... ~ 0s
2022-11-07T21:34:34:   2022-11-07 21:34:34 ................................................... ~ 0s
2022-11-07T21:34:35:   2022-11-07 21:34:35 ................................................... ~ 0s
2022-11-07T21:34:36:   2022-11-07 21:34:36 ................................................... ~ 0s
2022-11-07T21:34:38:   2022-11-07 21:34:38 ................................................... ~ 0s
2022-11-07T21:34:40:   2022-11-07 21:34:40 ................................................... ~ 0s
2022-11-07T21:34:42:   2022-11-07 21:34:42 ................................................... ~ 0s
2022-11-07T21:34:48:   2022-11-07 21:34:48 ................................................... ~ 0s
2022-11-07T21:34:57:   2022-11-07 21:34:57 ................................................... ~ 0s
2022-11-07T21:34:57:   2022-11-07 21:34:57 ................................................... ~ 0s
2022-11-07T21:58:43:   2022-11-07 21:58:43 ................................................... ~ 0s
2022-11-07T22:07:38:   2022-11-07 22:07:38 ................................................... ~ 0s
2022-11-07T22:35:01:   2022-11-07 22:35:01 ................................................... ~ 0s
2022-11-07T22:43:24:   2022-11-07 22:43:23 ................................................... ~ 0s
2022-11-07T22:57:39:   2022-11-07 22:57:38 ................................................... ~ 0s
2022-11-07T23:04:50:   2022-11-07 23:04:50 ................................................... ~ 0s
2022-11-07T23:04:51:   2022-11-07 23:04:51 ................................................... ~ 0s
2022-11-07T23:37:19:   2022-11-07 23:37:19 ................................................... ~ 0s
2022-11-08T00:32:15:   2022-11-08 00:32:15 /robots.txt ....................................... ~ 0s
2022-11-08T00:32:17:   2022-11-08 00:32:17 ................................................... ~ 0s
2022-11-08T00:36:13:   2022-11-08 00:36:13 ................................................... ~ 0s
2022-11-08T00:36:48:   2022-11-08 00:36:48 ................................................... ~ 0s
2022-11-08T00:45:25:   2022-11-08 00:45:25 ................................................... ~ 0s
2022-11-08T00:48:12:   2022-11-08 00:48:11 ................................................... ~ 0s
2022-11-08T00:48:21:   2022-11-08 00:48:21 ................................................... ~ 0s
2022-11-08T01:15:09:   2022-11-08 01:15:09 ................................................... ~ 0s
2022-11-08T01:44:38:   2022-11-08 01:44:38 ................................................... ~ 0s
2022-11-08T03:14:09:   2022-11-08 03:14:09 ................................................... ~ 0s
2022-11-08T03:26:31:   2022-11-08 03:26:31 ................................................... ~ 0s
2022-11-08T03:38:24:   2022-11-08 03:38:24 ................................................... ~ 0s
2022-11-08T04:26:16:   2022-11-08 04:26:16 ................................................... ~ 0s
2022-11-08T04:26:18:   2022-11-08 04:26:18 ................................................... ~ 0s
2022-11-08T04:26:23:   2022-11-08 04:26:23 ...................................................
2022-11-08T04:26:23:  ~ 0s
2022-11-08T04:26:25:   2022-11-08 04:26:25 ................................................... ~ 0s
2022-11-08T04:26:27:   2022-11-08 04:26:26 ................................................... ~ 0s
2022-11-08T04:26:31:   2022-11-08 04:26:31 ................................................... ~ 0s
2022-11-08T05:00:13:   2022-11-08 05:00:12 ................................................... ~ 0s
2022-11-08T06:04:48:   2022-11-08 06:04:48 ................................................... ~ 0s
2022-11-08T06:04:49:   2022-11-08 06:04:49 ................................................... ~ 0s
2022-11-08T06:04:51:   2022-11-08 06:04:51
2022-11-08T06:04:51:  /favicon.ico ...................................... ~ 0s
2022-11-08T06:18:17:   2022-11-08 06:18:17 ................................................... ~ 0s
2022-11-08T06:46:55:   2022-11-08 06:46:55 ................................................... ~ 0s
2022-11-08T06:52:42:   2022-11-08 06:52:41 /robots.txt ....................................... ~ 0s
2022-11-08T08:11:01:   2022-11-08 08:11:01 ................................................... ~ 0s
2022-11-08T08:19:35:   2022-11-08 08:19:35 /favicon.ico ...................................... ~ 0s
2022-11-08T08:24:04:   2022-11-08 08:24:03 ................................................... ~ 0s
2022-11-08T08:26:13:   2022-11-08 08:26:13 ................................................... ~ 0s
2022-11-08T08:30:24:   2022-11-08 08:30:24 ................................................... ~ 0s
2022-11-08T08:59:01:   2022-11-08 08:59:01 ................................................... ~ 0s
2022-11-08T09:24:28:   2022-11-08 09:24:28 ................................................... ~ 0s
2022-11-08T09:47:06:   2022-11-08 09:47:06 ................................................... ~ 0s
2022-11-08T10:02:14:   2022-11-08 10:02:14 ................................................... ~ 0s
2022-11-08T10:02:15:   2022-11-08 10:02:15 ................................................... ~ 0s
2022-11-08T10:02:21:   2022-11-08 10:02:20 ................................................... ~ 0s
2022-11-08T10:16:42:   2022-11-08 10:16:42 ................................................... ~ 0s
2022-11-08T10:27:59:   2022-11-08 10:27:59 ................................................... ~ 0s
2022-11-08T10:28:41:   2022-11-08 10:28:40 ................................................... ~ 0s
2022-11-08T10:29:41:   2022-11-08 10:29:40 ................................................... ~ 0s
2022-11-08T10:31:03:   2022-11-08 10:31:02 ................................................... ~ 0s
2022-11-08T10:31:31:   2022-11-08 10:31:31 /favicon.ico ...................................... ~ 0s
2022-11-08T10:33:24:   2022-11-08 10:33:24 /favicon.ico ...................................... ~ 0s
2022-11-08T11:21:59:   2022-11-08 11:21:59 ................................................... ~ 0s
2022-11-08T11:22:30:   2022-11-08 11:22:29 /favicon.ico ...................................... ~ 0s
2022-11-08T12:02:04:   2022-11-08 12:02:04 ................................................... ~ 0s
2022-11-08T12:59:04:   2022-11-08 12:59:03 ................................................... ~ 0s
2022-11-08T14:24:39:   2022-11-08 14:24:38 ................................................... ~ 1s
2022-11-08T14:57:30:   2022-11-08 14:57:30 ................................................... ~ 0s
2022-11-08T15:51:48:   2022-11-08 15:51:48 /robots.txt ....................................... ~ 0s
2022-11-08T15:51:49:   2022-11-08 15:51:49 ................................................... ~ 0s
2022-11-08T16:28:38:   2022-11-08 16:28:37 ................................................... ~ 0s
2022-11-08T16:28:39:   2022-11-08 16:28:38 ................................................... ~ 0s
2022-11-08T16:28:40:   2022-11-08 16:28:39 /favicon.ico ...................................... ~ 0s
2022-11-08T16:35:25:   2022-11-08 16:35:25 ................................................... ~ 0s
2022-11-08T18:15:27:   2022-11-08 18:15:26 ................................................... ~ 0s
2022-11-08T18:31:40:   2022-11-08 18:31:40 ................................................... ~ 0s
2022-11-08T19:41:47:   2022-11-08 19:41:47 ................................................... ~ 0s
2022-11-08T19:41:58:   2022-11-08 19:41:58 ................................................... ~ 0s
2022-11-08T19:41:58:   2022-11-08 19:41:58
2022-11-08T19:41:58:  /favicon.ico ...................................... ~ 0s
2022-11-08T19:42:06:   2022-11-08 19:42:05 ................................................... ~ 0s
2022-11-08T19:42:06:   2022-11-08 19:42:06 /favicon.ico ...................................... ~ 0s
2022-11-08T19:42:13:   2022-11-08 19:42:13 ................................................... ~ 0s
2022-11-08T19:42:14:   2022-11-08 19:42:13 /favicon.ico ...................................... ~ 0s
2022-11-08T19:42:33:   2022-11-08 19:42:33 ................................................... ~ 0s
2022-11-08T19:42:34:   2022-11-08 19:42:34 /favicon.ico ...................................... ~ 0s
2022-11-08T19:54:12:   2022-11-08 19:54:12 ................................................... ~ 0s
2022-11-08T19:54:13:   2022-11-08 19:54:12 ................................................... ~ 0s
2022-11-08T19:54:13:   2022-11-08 19:54:13 ................................................... ~ 0s
2022-11-08T19:54:13:   2022-11-08 19:54:13 ................................................... ~ 0s
2022-11-08T19:56:40:   2022-11-08 19:56:40 ................................................... ~ 0s
2022-11-08T19:56:40:   2022-11-08 19:56:40 ................................................... ~ 0s
2022-11-08T19:56:41:   2022-11-08 19:56:40 ...................................................
2022-11-08T19:56:41:  ~ 0s
2022-11-08T19:56:41:   2022-11-08 19:56:41 ................................................... ~ 0s
2022-11-08T21:29:59:   2022-11-08 21:29:58 ................................................... ~ 0s
2022-11-08T21:30:00:   2022-11-08 21:29:59 ................................................... ~ 0s
2022-11-08T21:40:58:   2022-11-08 21:40:58 ................................................... ~ 0s
2022-11-08T21:53:50:   2022-11-08 21:53:50 /favicon.ico ...................................... ~ 0s
2022-11-08T22:01:40:   2022-11-08 22:01:39 ................................................... ~ 0s
2022-11-08T22:08:01:   2022-11-08 22:08:00 ................................................... ~ 0s
2022-11-08T22:18:00:   2022-11-08 22:18:00 ................................................... ~ 0s
2022-11-08T22:40:19:   2022-11-08 22:40:19 ................................................... ~ 0s
2022-11-08T22:40:20:   2022-11-08 22:40:20 ................................................... ~ 0s
2022-11-08T22:45:14:   2022-11-08 22:45:14 ................................................... ~ 0s
2022-11-08T23:20:06:   2022-11-08 23:20:06 ................................................... ~ 0s
2022-11-08T23:39:30:   2022-11-08 23:39:30 ................................................... ~ 0s
2022-11-09T01:12:40:   2022-11-09 01:12:40 ................................................... ~ 0s
2022-11-09T01:24:03:   2022-11-09 01:24:03 ................................................... ~ 0s
2022-11-09T01:45:32:   2022-11-09 01:45:32 ................................................... ~ 0s
2022-11-09T01:45:33:   2022-11-09 01:45:33 ................................................... ~ 0s
2022-11-09T01:45:39:   2022-11-09 01:45:39 ................................................... ~ 0s
2022-11-09T02:37:37:   2022-11-09 02:37:36 ................................................... ~ 0s
2022-11-09T02:45:44:   2022-11-09 02:45:44 ................................................... ~ 0s
2022-11-09T03:27:03:   2022-11-09 03:27:03 ................................................... ~ 0s
2022-11-09T04:08:00:   2022-11-09 04:08:00 ................................................... ~ 0s
2022-11-09T04:08:09:   2022-11-09 04:08:09 ................................................... ~ 0s
2022-11-09T04:08:20:   2022-11-09 04:08:19 ................................................... ~ 0s
2022-11-09T05:34:16:   2022-11-09 05:34:16 ................................................... ~ 0s
2022-11-09T05:34:17:   2022-11-09 05:34:17 ................................................... ~ 0s
2022-11-09T05:34:19:   2022-11-09 05:34:18 /favicon.ico ...................................... ~ 0s
2022-11-09T05:36:58:   2022-11-09 05:36:58 ................................................... ~ 0s
2022-11-09T05:42:17:   2022-11-09 05:42:16 ................................................... ~ 0s
2022-11-09T05:50:31:   2022-11-09 05:50:31 ................................................... ~ 0s
2022-11-09T06:05:20:   2022-11-09 06:05:20 ................................................... ~ 0s
2022-11-09T06:41:12:   2022-11-09 06:41:12 ................................................... ~ 0s
2022-11-09T06:48:12:   2022-11-09 06:48:12 ................................................... ~ 0s
2022-11-09T06:54:25:   2022-11-09 06:54:24 /favicon.ico ...................................... ~ 0s
2022-11-09T07:00:45:   2022-11-09 07:00:45 ................................................... ~ 0s
2022-11-09T07:21:19:   2022-11-09 07:21:18 /robots.txt ....................................... ~ 0s
2022-11-09T07:21:20:   2022-11-09 07:21:20 ................................................... ~ 0s
2022-11-09T08:26:13:   2022-11-09 08:26:13 ................................................... ~ 0s
2022-11-09T08:45:19:   2022-11-09 08:45:19 ................................................... ~ 0s
2022-11-09T08:59:01:   2022-11-09 08:59:01 ................................................... ~ 0s
2022-11-09T08:59:19:   2022-11-09 08:59:19 ................................................... ~ 0s
2022-11-09T08:59:40:   2022-11-09 08:59:39 ................................................... ~ 0s
2022-11-09T08:59:42:   2022-11-09 08:59:42 /favicon.ico ...................................... ~ 0s
2022-11-09T09:00:00:   2022-11-09 09:00:00 /robots.txt ....................................... ~ 0s
2022-11-09T10:05:22:   2022-11-09 10:05:22 ................................................... ~ 0s
2022-11-09T10:43:02:   2022-11-09 10:43:01 ................................................... ~ 0s
2022-11-09T10:43:22:   2022-11-09 10:43:21 /favicon.ico ...................................... ~ 0s
2022-11-09T11:00:43:   2022-11-09 11:00:42 ................................................... ~ 0s
2022-11-09T11:52:52:   2022-11-09 11:52:52 ................................................... ~ 0s
2022-11-09T11:59:17:   2022-11-09 11:59:16 ................................................... ~ 0s
2022-11-09T13:16:49:   2022-11-09 13:16:48 ................................................... ~ 0s
2022-11-09T14:26:14:   2022-11-09 14:26:13 ................................................... ~ 0s
2022-11-09T14:40:42:   2022-11-09 14:40:42 ................................................... ~ 0s
2022-11-09T17:30:44:   2022-11-09 17:30:43 ................................................... ~ 0s
2022-11-09T18:06:16:   2022-11-09 18:06:15 ................................................... ~ 0s
2022-11-09T18:06:16:   2022-11-09 18:06:16 /favicon.ico ...................................... ~ 0s
2022-11-09T19:35:21:   2022-11-09 19:35:21 ................................................... ~ 0s
2022-11-09T19:35:22:   2022-11-09 19:35:21 ................................................... ~ 0s
2022-11-09T19:35:23:   2022-11-09 19:35:23 /favicon.ico ...................................... ~ 0s
2022-11-09T19:56:59:   2022-11-09 19:56:58 ................................................... ~ 0s
2022-11-09T21:06:04:   2022-11-09 21:06:04 ................................................... ~ 0s
2022-11-09T21:06:31:   2022-11-09 21:06:31 ................................................... ~ 0s
2022-11-09T21:06:32:   2022-11-09 21:06:32 /favicon.ico ...................................... ~ 0s
2022-11-09T21:06:33:   2022-11-09 21:06:33
2022-11-09T21:06:33:  /robots.txt ....................................... ~ 0s
2022-11-09T22:01:36:   2022-11-09 22:01:36 ................................................... ~ 0s
2022-11-09T22:01:38:   2022-11-09 22:01:37 ................................................... ~ 0s
2022-11-09T22:01:39:   2022-11-09 22:01:39 ................................................... ~ 0s
2022-11-09T22:01:41:   2022-11-09 22:01:41 ................................................... ~ 0s
2022-11-09T22:01:42:   2022-11-09 22:01:42 ................................................... ~ 0s
2022-11-09T22:01:44:   2022-11-09 22:01:44 ................................................... ~ 0s
2022-11-09T22:01:45:   2022-11-09 22:01:45 ................................................... ~ 0s
2022-11-09T22:14:08:   2022-11-09 22:14:07 ................................................... ~ 0s
2022-11-09T22:40:19:   2022-11-09 22:40:19 ................................................... ~ 0s
2022-11-09T22:55:34:   2022-11-09 22:55:33 ................................................... ~ 0s
2022-11-09T22:55:34:   2022-11-09 22:55:34 ................................................... ~ 0s
2022-11-10T00:24:10:   2022-11-10 00:24:09 /robots.txt ....................................... ~ 0s
2022-11-10T00:24:11:   2022-11-10 00:24:11 ................................................... ~ 0s
2022-11-10T01:08:03:   2022-11-10 01:08:03 ................................................... ~ 0s
2022-11-10T01:15:38:   2022-11-10 01:15:38 ................................................... ~ 0s
2022-11-10T01:15:42:   2022-11-10 01:15:42 ................................................... ~ 0s
2022-11-10T01:15:44:   2022-11-10 01:15:44 ................................................... ~ 0s
2022-11-10T01:15:47:   2022-11-10 01:15:47 ................................................... ~ 0s
2022-11-10T01:15:49:   2022-11-10 01:15:49 ................................................... ~ 0s
2022-11-10T01:15:51:   2022-11-10 01:15:51 ................................................... ~ 0s
2022-11-10T01:15:54:   2022-11-10 01:15:54 ................................................... ~ 0s
2022-11-10T01:37:15:   2022-11-10 01:37:15 ................................................... ~ 0s
2022-11-10T01:39:50:   2022-11-10 01:39:50 ................................................... ~ 0s
2022-11-10T01:46:09:   2022-11-10 01:46:09 ................................................... ~ 0s
2022-11-10T02:25:16:   2022-11-10 02:25:16 ................................................... ~ 0s
2022-11-10T02:25:17:   2022-11-10 02:25:17 ................................................... ~ 0s
2022-11-10T02:25:22:   2022-11-10 02:25:22 ................................................... ~ 0s
2022-11-10T02:43:42:   2022-11-10 02:43:42 ................................................... ~ 0s
2022-11-10T03:21:56:   2022-11-10 03:21:56 ................................................... ~ 0s
2022-11-10T04:28:42:   2022-11-10 04:28:41 ................................................... ~ 0s
2022-11-10T04:28:42:   2022-11-10 04:28:41 /favicon.ico ...................................... ~ 0s
2022-11-10T04:42:29:   2022-11-10 04:42:29 ................................................... ~ 0s
2022-11-10T06:35:58:   2022-11-10 06:35:58 ................................................... ~ 0s
2022-11-10T06:35:58:   2022-11-10 06:35:58 ................................................... ~ 0s
2022-11-10T07:29:41:   2022-11-10 07:29:41 ................................................... ~ 0s
2022-11-10T07:37:33:   2022-11-10 07:37:33 /favicon.ico ...................................... ~ 0s
2022-11-10T07:42:31:   2022-11-10 07:42:31 ................................................... ~ 0s
2022-11-10T08:08:21:   2022-11-10 08:08:21 ................................................... ~ 0s
2022-11-10T08:15:29:   2022-11-10 08:15:28 ................................................... ~ 0s
2022-11-10T08:16:18:   2022-11-10 08:16:18 ................................................... ~ 0s
2022-11-10T08:26:13:   2022-11-10 08:26:13 ................................................... ~ 0s
2022-11-10T08:30:05:   2022-11-10 08:30:05 ................................................... ~ 0s
2022-11-10T08:30:36:   2022-11-10 08:30:35 ................................................... ~ 0s
2022-11-10T08:30:37:   2022-11-10 08:30:36 ................................................... ~ 0s
2022-11-10T08:30:38:   2022-11-10 08:30:37 ................................................... ~ 0s
2022-11-10T08:30:39:   2022-11-10 08:30:39 ................................................... ~ 0s
2022-11-10T08:30:40:   2022-11-10 08:30:40 ................................................... ~ 0s
2022-11-10T08:30:41:   2022-11-10 08:30:41 ................................................... ~ 0s
2022-11-10T08:30:42:   2022-11-10 08:30:42 ................................................... ~ 0s
2022-11-10T08:30:43:   2022-11-10 08:30:43 ................................................... ~ 0s
2022-11-10T08:30:44:   2022-11-10 08:30:44 ................................................... ~ 0s
2022-11-10T08:30:46:   2022-11-10 08:30:45 ................................................... ~ 0s
2022-11-10T08:30:47:   2022-11-10 08:30:46 ................................................... ~ 0s
2022-11-10T08:30:47:   2022-11-10 08:30:47 ................................................... ~ 0s
2022-11-10T08:30:49:   2022-11-10 08:30:48 ................................................... ~ 0s
2022-11-10T08:30:49:   2022-11-10 08:30:49 ................................................... ~ 0s
2022-11-10T08:30:50:   2022-11-10 08:30:50 ................................................... ~ 0s
2022-11-10T08:30:52:   2022-11-10 08:30:51 ................................................... ~ 0s
2022-11-10T08:30:53:   2022-11-10 08:30:52 ................................................... ~ 0s
2022-11-10T08:30:54:   2022-11-10 08:30:53 ................................................... ~ 0s
2022-11-10T08:42:56:   2022-11-10 08:42:56 ................................................... ~ 0s
2022-11-10T08:45:27:   2022-11-10 08:45:26 ................................................... ~ 0s
2022-11-10T08:47:38:   2022-11-10 08:47:37 ................................................... ~ 0s
2022-11-10T08:59:01:   2022-11-10 08:59:01 ................................................... ~ 0s
2022-11-10T09:06:15:   2022-11-10 09:06:14 ................................................... ~ 0s
2022-11-10T09:10:52:   2022-11-10 09:10:52 ................................................... ~ 0s
2022-11-10T09:23:27:   2022-11-10 09:23:26 ................................................... ~ 0s
2022-11-10T09:27:18:   2022-11-10 09:27:18 ................................................... ~ 0s
2022-11-10T09:31:02:   2022-11-10 09:31:01 ................................................... ~ 0s
2022-11-10T09:53:48:   2022-11-10 09:53:48 ................................................... ~ 0s
2022-11-10T10:18:41:   2022-11-10 10:18:41 ................................................... ~ 0s
2022-11-10T10:29:23:   2022-11-10 10:29:23 ................................................... ~ 0s
2022-11-10T11:14:00:   2022-11-10 11:14:00 ................................................... ~ 0s
2022-11-10T11:28:44:   2022-11-10 11:28:44 ................................................... ~ 0s
2022-11-10T12:25:36:   2022-11-10 12:25:36 ................................................... ~ 0s
2022-11-10T12:26:14:   2022-11-10 12:26:14 ................................................... ~ 0s
2022-11-10T12:26:17:   2022-11-10 12:26:17 ................................................... ~ 0s
2022-11-10T12:26:47:   2022-11-10 12:26:47 ................................................... ~ 0s
2022-11-10T12:30:58:   2022-11-10 12:30:58 ................................................... ~ 0s
2022-11-10T12:30:59:   2022-11-10 12:30:59 /favicon.ico ...................................... ~ 0s
2022-11-10T12:31:00:   2022-11-10 12:31:00 ................................................... ~ 0s
2022-11-10T12:31:01:   2022-11-10 12:31:01 /favicon.ico ...................................... ~ 0s
2022-11-10T12:31:05:   2022-11-10 12:31:05 ................................................... ~ 0s
2022-11-10T12:31:06:   2022-11-10 12:31:06 ................................................... ~ 0s
2022-11-10T12:31:06:   2022-11-10 12:31:06 /favicon.ico ...................................... ~ 0s
2022-11-10T12:31:06:   2022-11-10 12:31:06
2022-11-10T12:31:06:  /favicon.ico ...................................... ~ 0s
2022-11-10T12:40:38:   2022-11-10 12:40:38 ................................................... ~ 0s
2022-11-10T12:44:05:   2022-11-10 12:44:05 ................................................... ~ 0s
2022-11-10T12:44:40:   2022-11-10 12:44:40 ................................................... ~ 0s
2022-11-10T12:46:33:   2022-11-10 12:46:33 ................................................... ~ 0s
2022-11-10T12:47:30:   2022-11-10 12:47:30 ...................................................
2022-11-10T12:47:30:  ~ 0s
2022-11-10T12:53:32:   2022-11-10 12:53:32 ................................................... ~ 0s
2022-11-10T13:14:45:   2022-11-10 13:14:45 ................................................... ~ 0s
2022-11-10T13:23:02:   2022-11-10 13:23:01 ................................................... ~ 1s
2022-11-10T13:23:25:   2022-11-10 13:23:24 ................................................... ~ 0s
2022-11-10T13:23:25:   2022-11-10 13:23:25 /favicon.ico ...................................... ~ 0s
